\\goofy2\ht17\yexu9615\desktop\2019-03-12 c++\cproj\cproj\debug\vc141.pdb
\\goofy2\ht17\yexu9615\desktop\2019-03-12 c++\cproj\cproj\debug\vc141.idb
\\goofy2\ht17\yexu9615\desktop\2019-03-12 c++\cproj\cproj\debug\system.obj
\\goofy2\ht17\yexu9615\desktop\2019-03-12 c++\cproj\cproj\debug\sprite.obj
\\goofy2\ht17\yexu9615\desktop\2019-03-12 c++\cproj\cproj\debug\session.obj
\\goofy2\ht17\yexu9615\desktop\2019-03-12 c++\cproj\cproj\debug\player.obj
\\goofy2\ht17\yexu9615\desktop\2019-03-12 c++\cproj\cproj\debug\movingsprite.obj
\\goofy2\ht17\yexu9615\desktop\2019-03-12 c++\cproj\cproj\debug\enemy.obj
\\goofy2\ht17\yexu9615\desktop\2019-03-12 c++\cproj\cproj\debug\cproj.obj
\\goofy2\ht17\yexu9615\desktop\2019-03-12 c++\cproj\cproj\debug\bullet.obj
\\goofy2\ht17\yexu9615\desktop\2019-03-12 c++\cproj\cproj\debug\wall.obj
\\goofy2\ht17\yexu9615\desktop\2019-03-12 c++\cproj\debug\cproj.exe
\\goofy2\ht17\yexu9615\desktop\2019-03-12 c++\cproj\debug\cproj.ilk
\\goofy2\ht17\yexu9615\desktop\2019-03-12 c++\cproj\debug\cproj.pdb
\\goofy2\ht17\yexu9615\desktop\2019-03-12 c++\cproj\cproj\debug\pch.obj
\\goofy2\ht17\yexu9615\desktop\2019-03-12 c++\cproj\cproj\debug\cproj.pch
\\goofy2\ht17\yexu9615\desktop\2019-03-12 c++\cproj\cproj\debug\cproj.tlog\cl.command.1.tlog
\\goofy2\ht17\yexu9615\desktop\2019-03-12 c++\cproj\cproj\debug\cproj.tlog\cl.read.1.tlog
\\goofy2\ht17\yexu9615\desktop\2019-03-12 c++\cproj\cproj\debug\cproj.tlog\cl.write.1.tlog
\\goofy2\ht17\yexu9615\desktop\2019-03-12 c++\cproj\cproj\debug\cproj.tlog\link.command.1.tlog
\\goofy2\ht17\yexu9615\desktop\2019-03-12 c++\cproj\cproj\debug\cproj.tlog\link.read.1.tlog
\\goofy2\ht17\yexu9615\desktop\2019-03-12 c++\cproj\cproj\debug\cproj.tlog\link.write.1.tlog
